0:100  0:100  MemLog inited, TSC freq: 2496043500
0:100  0:000  CPU was calibrated with RTC
0:100  0:000  
0:100  0:000  Now is 17.11.2019,  13:10:50 (GMT)
0:100  0:000  Starting Clover revision: 5098 (master, commit 58649391) on Phoenix Technologies Ltd. EFI
0:100  0:000  Build with: [Args: -D NO_GRUB_DRIVERS_EMBEDDED -t GCC53 | -D NO_GRUB_DRIVERS_EMBEDDED --conf=/Users/sergey/src/Clover/Conf -D USE_LOW_EBDA -a X64 -b RELEASE -t GCC53 -n 5 | OS: 10.14.6]
0:100  0:000  SelfDevicePath=PciRoot(0x0)\Pci(0x17,0x0)\Sata(0x2,0x0,0x0)\HD(1,GPT,23832C9E-2C82-45E7-B289-045CB0BF5392,0x28,0x64000) @8C044C98
0:100  0:000  SelfDirPath = \EFI\CLOVER
0:100  0:000  SimpleTextEx Status=Success
0:100  0:000  === [ Get Smbios ] ========================================
0:100  0:000  Type 16 Index = 0
0:100  0:000  Total Memory Slots Count = 2
0:100  0:000  Type 17 Index = 0
0:100  0:000  SmbiosTable.Type17->Speed = 2400MHz
0:100  0:000  SmbiosTable.Type17->Size = 8192MB
0:100  0:000  SmbiosTable.Type17->Bank/Device = BANK 0 ChannelA-DIMM0
0:100  0:000  SmbiosTable.Type17->Vendor = Samsung
0:100  0:000  SmbiosTable.Type17->SerialNumber = 3567798C
0:100  0:000  SmbiosTable.Type17->PartNumber = M471A1K43CB1-CRC    
0:100  0:000  Type 17 Index = 1
0:100  0:000  SmbiosTable.Type17->Speed = 2400MHz
0:100  0:000  SmbiosTable.Type17->Size = 8192MB
0:100  0:000  SmbiosTable.Type17->Bank/Device = BANK 2 ChannelB-DIMM0
0:100  0:000  SmbiosTable.Type17->Vendor = Kingston
0:100  0:000  SmbiosTable.Type17->SerialNumber = 8A2F1144
0:100  0:000  SmbiosTable.Type17->PartNumber = 9905624-007.A00G    
0:100  0:000  Boot status=0
0:100  0:000  Running on: '80WB' with board 'LNVNB161216'
0:100  0:000  === [ GetCPUProperties ] ==================================
0:100  0:000  CPU Vendor = 756E6547 Model=906E9
0:100  0:000   The CPU supported SSE4.1
0:100  0:000  BrandString = Intel(R) Core(TM) i5-7300HQ CPU @ 2.50GHz
0:100  0:000   The CPU supported turbo
0:100  0:000  MSR 0x35               40004
0:100  0:000   TSC/CCC Information Leaf:
0:100  0:000    numerator     : 208
0:100  0:000    denominator   : 2
0:100  0:000   Calibrated ARTFrequency: 24000418
0:100  0:000   Rounded ARTFrequency: 24000000
0:100  0:000  MSR 0xE2 before patch 7E008006
0:100  0:000  MSR 0xE2 is locked, PM patches will be turned on
0:100  0:000  MSR 0xCE              0008083B_F1011900
0:100  0:000  corrected FLEX_RATIO = 0
0:100  0:000  MSR 0x1B0             00000000
0:100  0:000  FSBFrequency = 96 MHz, DMI FSBFrequency = 100 MHz, Corrected FSBFrequency = 100 MHz
0:100  0:000  MaxDiv/MinDiv: 25.0/8
0:100  0:000  Turbo: 31/32/33/35
0:100  0:000  Features: 0xBFEBFBFF
0:100  0:000  Threads: 4
0:100  0:000  Cores: 4
0:100  0:000  FSB: 100 MHz
0:100  0:000  CPU: 2400 MHz
0:100  0:000  TSC: 2400 MHz
0:100  0:000  PIS: 100 MHz
0:100  0:000  ExternalClock: 25 MHz
0:100  0:000  === [ GetDevices ] ========================================
0:100  0:000  GOP found at: PciRoot(0x0)/Pci(0x2,0x0)/AcpiAdr(0x80011400)
0:100  0:000  PCI (00|00:00.00) : 8086 5910 class=060000
0:100  0:000  PCI (00|00:01.00) : 8086 1901 class=060400
0:100  0:000  PCI (00|01:00.00) : 10DE 1C8D class=030200
0:100  0:000  PCI (00|00:02.00) : 8086 591B class=030000
0:100  0:000   - GOP: Provided by device
0:100  0:000   - GFX: Model=Intel HD Graphics 630 (Intel)
0:100  0:000  PCI (00|00:08.00) : 8086 1911 class=088000
0:100  0:000  PCI (00|00:14.00) : 8086 A12F class=0C0330
0:100  0:000  PCI (00|00:14.02) : 8086 A131 class=118000
0:100  0:000  PCI (00|00:16.00) : 8086 A13A class=078000
0:100  0:000  PCI (00|00:17.00) : 8086 A103 class=010601
0:100  0:000  PCI (00|00:1C.00) : 8086 A114 class=060400
0:100  0:000  PCI (00|02:00.00) : 14E4 43B1 class=028000
0:100  0:000   - WIFI: Vendor=Broadcom
0:100  0:000  PCI (00|00:1C.05) : 8086 A115 class=060400
0:100  0:000  PCI (00|03:00.00) : 10EC 8168 class=020000
0:100  0:000   - LAN: 0 Vendor=Realtek
0:100  0:000  PCI (00|00:1D.00) : 8086 A118 class=060400
0:100  0:000  PCI (00|04:00.00) : 1C5C 1282 class=010802
0:100  0:000  PCI (00|00:1F.00) : 8086 A152 class=060100
0:100  0:000  PCI (00|00:1F.02) : 8086 A121 class=058000
0:100  0:000  PCI (00|00:1F.03) : 8086 A171 class=040300
0:100  0:000  PCI (00|00:1F.04) : 8086 A123 class=0C0500
0:100  0:000  === [ GetDefaultSettings ] ================================
0:101  0:000  Clover load options size = 0 bytes
0:103  0:002  EFI\CLOVER\config.plist loaded: Success
0:109  0:005  === [ GetListOfThemes ] ===================================
0:109  0:000  - [00]: embedded
0:109  0:000  - [00]: random
0:109  0:000  - [00]: SimpleThemeDark
0:110  0:000  === [ Found config plists ] ===============================
0:110  0:000  - config.plist
0:110  0:000  === [ GetEarlyUserSettings ] ==============================
0:110  0:000  timeout set to 3
0:110  0:000  Custom boot CUSTOM_BOOT_DISABLED (0x0)
0:110  0:000  KextsToPatch: 1 requested
0:110  0:000   - [00]: AppleAHCIPort (External icons patch) :: BinPatch :: data len: 8
0:110  0:000  Default theme: SimpleThemeDark
0:110  0:000  Hiding entries with string Preboot
0:110  0:000  Hiding entries with string Recovery
0:110  0:000  Hiding entries with string Legacy HD3
0:110  0:000  Hiding entries with string Legacy HD4
0:110  0:000  Hiding entries with string Legacy HD5
0:110  0:000  === [ LoadDrivers ] =======================================
0:110  0:000  Loading apfs.efi  status=Success
0:113  0:002   - driver needs connecting
0:113  0:000  Loading AppleImageCodec.efi  status=Success
0:113  0:000  Loading AppleKeyAggregator.efi  status=Success
0:113  0:000  Loading AppleUITheme.efi  status=Success
0:114  0:000  Loading AptioMemoryFix.efi  status=Success
0:115  0:000  Loading AudioDxe.efi  status=Success
0:115  0:000   - driver needs connecting
0:115  0:000  Loading DataHubDxe.efi  status=Success
0:119  0:003  Loading FirmwareVolume.efi  status=Success
0:120  0:000  Loading FSInject.efi  status=Success
0:120  0:000  Loading HFSPlus.efi  status=Success
0:121  0:000   - driver needs connecting
0:121  0:000  Loading VirtualSmc.efi  status=Success
0:122  0:001  3 drivers needs connecting ...
0:122  0:000  PlatformDriverOverrideProtocol not found. Installing ... Success
0:122  0:000  HFS+ driver loaded
0:122  0:000  APFS driver loaded
0:122  0:000  Searching for invalid DiskIo BY_DRIVER connects: not found, all ok
4:080  3:957  === [ InitScreen ] ========================================
4:080  0:000  Console modes reported: 6, available modes:
4:080  0:000   - [01]: 80x25
4:080  0:000   - [02]: 80x50
4:080  0:000   - [03]: 240x56 (current mode)
4:080  0:000   - [04]: 100x31
4:080  0:000   - [05]: 128x40
4:080  0:000   - [06]: 160x53
4:080  0:000  SetMaxResolution: found best mode 0: 1920x1080
4:080  0:000   - already set
4:080  0:000  SetScreenResolution: 1920x1080 - already set
4:080  0:000  reinit: self device path=PciRoot(0x0)\Pci(0x17,0x0)\Sata(0x2,0x0,0x0)\HD(1,GPT,23832C9E-2C82-45E7-B289-045CB0BF5392,0x28,0x64000)
4:080  0:000  === [ GetMacAddress ] =====================================
4:080  0:000  MAC address of LAN #0= 54:EE:75:D4:D7:F2:
4:080  0:000  MAC address of LAN #1= 54:EE:75:D4:D7:F2:
4:080  0:000  MAC address of LAN #2= 54:EE:75:D4:D7:F2:
4:080  0:000  MAC address of LAN #3= 54:EE:75:D4:D7:F2:
4:080  0:000  === [ ScanSPD ] ===========================================
4:081  0:000  Scanning SMBus [8086:A123], mmio: 0xD252E004, ioport: 0xEFA0, hostc: 0x11
4:099  0:018  Slot: 0 Type 26 8192MB 2400MHz Vendor=Samsung PartNo=M471A1K43CB1-CRC SerialNo=030506070709080C
4:117  0:018  Slot: 2 Type 26 8192MB 2400MHz Vendor=Kingston PartNo=9905624-007.A00G SerialNo=080A020F01010404
4:118  0:000  === [ GetAcpiTablesList ] =================================
4:124  0:005  Get Acpi Tables List from RSDT:
4:124  0:000   - [00]: FACP  CB-01    len=244
4:124  0:000   - [01]: UEFI  CB-01    len=66
4:124  0:000   - [02]: SSDT  SaSsdt  len=15382
4:124  0:000   - [03]: SSDT  PerfTune len=1462
4:124  0:000   - [04]: ECDT  CB-01    len=84
4:124  0:000   - [05]: HPET  CB-01    len=56
4:124  0:000   - [06]: APIC  CB-01    len=188
4:124  0:000   - [07]: MCFG  CB-01    len=60
4:124  0:000   - [08]: SSDT  Sata0Ide len=444
4:124  0:000   - [09]: SSDT  xh_rvp11 len=2301
4:124  0:000   - [10]: BOOT  CB-01    len=40
4:124  0:000   - [11]: BATB  CB-01    len=74
4:124  0:000   - [12]: SSDT  CpuSsdt len=3806
4:124  0:000   - [13]: LPIT  CB-01    len=148
4:124  0:000   - [14]: WSMT  CB-01    len=40
4:124  0:000   - [15]: SSDT  HdaDsp len=321
4:124  0:000   - [16]: SSDT  sensrhub len=671
4:124  0:000   - [17]: SSDT  EInkApp len=838
4:124  0:000   - [18]: SSDT  PtidDevc len=12290
4:124  0:000   - [19]: SSDT  TbtTypeC len=533
4:124  0:000   - [20]: SSDT  zpodd len=1310
4:124  0:000   - [21]: DBGP  CB-01    len=52
4:124  0:000   - [22]: DBG2  CB-01    len=84
4:124  0:000   - [23]: MSDM  CB-01    len=85
4:124  0:000   - [24]: SLIC  CB-01    len=374
4:124  0:000   - [25]: SSDT  NvOptTbl len=5071
4:124  0:000   - [26]: SSDT  SgPeg len=1446
4:124  0:000   - [27]: ASF!  CB-01    len=160
4:124  0:000   - [28]: FPDT  CB-01    len=68
4:124  0:000   - [29]: BGRT  CB-01    len=56
4:124  0:000   - [30]: UEFI  CB-01    len=298
4:124  0:000  Calibrated TSC Frequency = 2496043500 = 2496MHz
4:124  0:000  === [ GetUserSettings ] ===================================
4:124  0:000  Add 2 devices:
4:124  0:000   - final DSDT Fix mask=01000001
4:124  0:000  PatchesDSDT: 1 requested
4:124  0:000   - [00]: (change EC0 to EC) lenToFind: 4, lenToReplace: 4, Target Bridge: <null string>
4:124  0:000  Using ProductName from config: MacBookPro14,3
4:124  0:000  Using latest BiosVersion from clover
4:124  0:000  BiosVersion: MBP143.88Z.F000.B00.1909131925
4:124  0:000  BiosReleaseDate: 09/13/2019
4:124  0:000  Using EfiVersion from clover: 202.0.0.0.0
4:124  0:000  Using FirmwareFeatures from config: 0xFC0FE13F
4:124  0:000  Using FirmwareFeaturesMask from config: 0xFF1FFF3F
4:124  0:000  Board-ID set from config as Mac-551B86E5744E2388
4:124  0:000  BoardType: 0xA
4:124  0:000  ChassisType: 0x9
4:124  0:000  Converted CustomUUID 7BED4379-AA06-5C1C-9DB7-9C44A42B98D5
4:124  0:000  === [ Found DSDT tables ] =================================
4:796  0:672  === [ ScanVolumes ] =======================================
4:796  0:000  Found 14 volumes with blockIO
4:796  0:000  - [00]: Volume: PciRoot(0x0)\Pci(0x1D,0x0)\Pci(0x0,0x0)\NVMe(0x1,00-00-00-00-00-00-00-00)
4:796  0:000  - [01]: Volume: PciRoot(0x0)\Pci(0x1D,0x0)\Pci(0x0,0x0)\NVMe(0x1,00-00-00-00-00-00-00-00)\HD(1,GPT,98532654-3776-4877-B73C-9C0D8FAD5C80,0x800,0x82000)
4:796  0:000          Result of bootcode detection: bootable Windows (vista,win)
4:798  0:001  - [02]: Volume: PciRoot(0x0)\Pci(0x1D,0x0)\Pci(0x0,0x0)\NVMe(0x1,00-00-00-00-00-00-00-00)\HD(2,GPT,8BF0D33B-89D1-4F87-97B0-F500C945CB81,0x82800,0x8000)
4:798  0:000  - [03]: Volume: PciRoot(0x0)\Pci(0x1D,0x0)\Pci(0x0,0x0)\NVMe(0x1,00-00-00-00-00-00-00-00)\HD(3,GPT,4A58DF61-8D16-4812-80D0-130EB5A0BEA4,0x8A800,0x7800000)
4:798  0:000          Result of bootcode detection: bootable Windows (vista,win)
4:798  0:000          hiding this volume
4:798  0:000  - [04]: Volume: PciRoot(0x0)\Pci(0x1D,0x0)\Pci(0x0,0x0)\NVMe(0x1,00-00-00-00-00-00-00-00)\HD(4,GPT,1D6A1685-6954-4614-9903-F5C4F5998CBE,0x788A800,0x73FD000)
4:799  0:000          Result of bootcode detection: bootable Windows (vista,win)
4:799  0:000          hiding this volume
4:799  0:000  - [05]: Volume: PciRoot(0x0)\Pci(0x1D,0x0)\Pci(0x0,0x0)\NVMe(0x1,00-00-00-00-00-00-00-00)\HD(5,GPT,05C9F466-701E-414B-BB3E-C564BC98E5A7,0xEC88000,0x1F4000)
4:799  0:000          Result of bootcode detection: bootable Windows (vista,win)
4:799  0:000          hiding this volume
4:799  0:000  - [06]: Volume: PciRoot(0x0)\Pci(0x17,0x0)\Sata(0x2,0x0,0x0)
4:799  0:000  - [07]: Volume: PciRoot(0x0)\Pci(0x17,0x0)\Sata(0x2,0x0,0x0)\HD(1,GPT,23832C9E-2C82-45E7-B289-045CB0BF5392,0x28,0x64000)
4:799  0:000          Result of bootcode detection: bootable unknown (legacy)
4:800  0:000          This is SelfVolume !!
4:800  0:000  - [08]: Volume: PciRoot(0x0)\Pci(0x17,0x0)\Sata(0x2,0x0,0x0)\HD(2,GPT,ABA2AF13-9727-4029-86B6-E877A1A4964C,0x64028,0x1D161920)
4:800  0:000          Result of bootcode detection: bootable unknown (legacy)
4:800  0:000  - [09]: Volume: PciRoot(0x0)\Pci(0x17,0x0)\Sata(0x2,0x0,0x0)\HD(2,GPT,ABA2AF13-9727-4029-86B6-E877A1A4964C,0x64028,0x1D161920)\VenMedia(BE74FCF7-0B7C-49F3-9147-01F4042E6842,BC2CE6DF5AEE594F94D9FA4A208D928C)
4:800  0:000          hiding this volume
4:800  0:000  - [10]: Volume: PciRoot(0x0)\Pci(0x17,0x0)\Sata(0x2,0x0,0x0)\HD(2,GPT,ABA2AF13-9727-4029-86B6-E877A1A4964C,0x64028,0x1D161920)\VenMedia(BE74FCF7-0B7C-49F3-9147-01F4042E6842,E7847C085134284A83C8242430310157)
4:800  0:000  - [11]: Volume: PciRoot(0x0)\Pci(0x17,0x0)\Sata(0x2,0x0,0x0)\HD(2,GPT,ABA2AF13-9727-4029-86B6-E877A1A4964C,0x64028,0x1D161920)\VenMedia(BE74FCF7-0B7C-49F3-9147-01F4042E6842,F385839EEEE5AE4288F2157FA4E21603)
4:800  0:000          hiding this volume
4:800  0:000  - [12]: Volume: PciRoot(0x0)\Pci(0x17,0x0)\Sata(0x2,0x0,0x0)\HD(2,GPT,ABA2AF13-9727-4029-86B6-E877A1A4964C,0x64028,0x1D161920)\VenMedia(BE74FCF7-0B7C-49F3-9147-01F4042E6842,F4C56626C860C84FA9F59A434AF00EDE)
4:800  0:000  - [13]: Volume: PciRoot(0x0)\Pci(0x17,0x0)\Sata(0x2,0x0,0x0)\HD(2,GPT,ABA2AF13-9727-4029-86B6-E877A1A4964C,0x64028,0x1D161920)\VenMedia(BE74FCF7-0B7C-49F3-9147-01F4042E6842,9DFFA63BD33D5845A0AF4DA352A264B6)
4:800  0:000  found 2 handles with audio
4:800  0:000  No AudioIoDevice stored
4:800  0:000  no stored audio parameters
4:800  0:000  === [ InitTheme ] =========================================
4:800  0:000  use daylight theme
4:805  0:004  Using theme 'SimpleThemeDark' (EFI\CLOVER\themes\SimpleThemeDark)
4:805  0:000  OS main and drive as badge
4:805  0:000  file sound read: sound.wav Not Found
4:807  0:001  Loading font from ThemeDir: Success
4:808  0:000  theme inited
4:808  0:000  Chosen theme SimpleThemeDark
4:808  0:000  found boot-args in NVRAM:, size=1
4:808  0:000  after NVRAM boot-args=
4:808  0:000  === [ Dump SMC keys from NVRAM ] ==========================
4:808  0:000  found AppleSMC protocol
4:855  0:046  === [ ScanLoader ] ========================================
4:855  0:000  - [01]: 'SYSTEM_DRV'
4:860  0:005          AddLoaderEntry for Volume Name=SYSTEM_DRV
4:899  0:038          AddLoaderEntry for Volume Name=SYSTEM_DRV
4:899  0:000          skipped because entry is hidden
4:899  0:000  - [07]: 'EFI'
4:917  0:017          AddLoaderEntry for Volume Name=EFI
4:917  0:000          skipped because entry is hidden
4:917  0:000  - [09]: 'Preboot', hidden
4:917  0:000  - [10]: 'macOS - pn'
4:995  0:077  - [11]: 'Recovery', hidden
4:995  0:000  - [12]: 'VM'
5:012  0:017  - [13]: 'macOS'
5:091  0:078          AddLoaderEntry for Volume Name=macOS
5:108  0:017      Check if volume Is Hibernated:
5:108  0:000      Check sleep image 'by signature':
5:117  0:008      using default sleep image name = \private\var\vm\sleepimage
5:119  0:002      sleepimage not found -> Not Found
5:119  0:000      hibernated: no - sign
5:120  0:000          [!] Icon 18 (icons\vol_internal_apfs.icns) not found (path: EFI\CLOVER\themes\SimpleThemeDark)
5:178  0:058  Scanning legacy ...
5:178  0:000   1: 'SYSTEM_DRV' (vista,win) add legacy
5:179  0:000   added 'Boot Windows from SYSTEM_DRV' OSType=2 Icon=vista,win
5:179  0:000   3: 'Legacy HD3' (vista,win) hidden
5:179  0:000   4: 'Legacy HD4' (vista,win) hidden
5:179  0:000   5: 'Legacy HD5' (vista,win) hidden
5:179  0:000  === [ AddCustomTool ] =====================================
5:179  0:000  found tool \EFI\CLOVER\tools\Shell64U.efi
5:179  0:000  Checking EFI partition Volume 1 for Clover
5:181  0:001  Checking EFI partition Volume 7 for Clover
5:181  0:000   Found Clover
5:182  0:000  === [ GetEfiBootDeviceFromNvram ] =========================
5:182  0:000   - efi-boot-device-data: PciRoot(0x0)\Pci(0x17,0x0)\Sata(0x2,0x0,0x0)\HD(2,GPT,ABA2AF13-9727-4029-86B6-E877A1A4964C,0x64028,0x1D161920)\VenMedia(BE74FCF7-0B7C-49F3-9147-01F4042E6842,9DFFA63BD33D5845A0AF4DA352A264B6)
5:183  0:000    - Volume: 'PciRoot(0x0)\Pci(0x17,0x0)\Sata(0x2,0x0,0x0)\HD(2,GPT,ABA2AF13-9727-4029-86B6-E877A1A4964C,0x64028,0x1D161920)\VenMedia(BE74FCF7-0B7C-49F3-9147-01F4042E6842,9DFFA63BD33D5845A0AF4DA352A264B6)'
5:183  0:000    - LoaderPath: '<null string>'
5:183  0:000    - Guid = ABA2AF13-9727-4029-86B6-E877A1A4964C
5:183  0:000  === [ FindStartupDiskVolume ] =============================
5:183  0:000    - Volume: partition = PciRoot(0x0)\Pci(0x17,0x0)\Sata(0x2,0x0,0x0)\HD(2,GPT,ABA2AF13-9727-4029-86B6-E877A1A4964C,0x64028,0x1D161920)\VenMedia(BE74FCF7-0B7C-49F3-9147-01F4042E6842,9DFFA63BD33D5845A0AF4DA352A264B6)
5:183  0:000     - searching for that partition
5:183  0:000      - found entry 1. 'Boot macOS from macOS', Volume 'macOS'
5:183  0:000  Boot redirected to Entry 1. 'Boot macOS from macOS'
5:183  0:000  DefaultIndex=1 and MainMenu.EntryCount=9
5:777  0:594          [!] Icon 11 (icons\pointer.png) not found (path: EFI\CLOVER\themes\SimpleThemeDark)
5:781  0:003  GUI ready
